# JRE version: Java(TM) SE Runtime Environment (8.0_241-b07) (build 1.8.0_241-b07)
# Java VM: Java HotSpot(TM) 64-Bit Server VM (25.241-b07 mixed mode windows-amd64 compressed oops)
Heap:
 PSYoungGen      total 38400K, used 25059K [0x00000000d5b00000, 0x00000000d8580000, 0x0000000100000000)
  eden space 33280K, 75% used [0x00000000d5b00000,0x00000000d7378c50,0x00000000d7b80000)
  from space 5120K, 0% used [0x00000000d8080000,0x00000000d8080000,0x00000000d8580000)
  to   space 5120K, 0% used [0x00000000d7b80000,0x00000000d7b80000,0x00000000d8080000)
 ParOldGen       total 60416K, used 15004K [0x0000000081000000, 0x0000000084b00000, 0x00000000d5b00000)
  object space 60416K, 24% used [0x0000000081000000,0x0000000081ea7088,0x0000000084b00000)
 Metaspace       used 10434K, capacity 10668K, committed 10880K, reserved 1062912K
  class space    used 1258K, capacity 1355K, committed 1408K, reserved 1048576K
GC Heap History (8 events):
Event: 0.113 GC heap before
{Heap before GC invocations=1 (full 0):
 PSYoungGen      total 38400K, used 3328K [0x00000000d5b00000, 0x00000000d8580000, 0x0000000100000000)
  eden space 33280K, 10% used [0x00000000d5b00000,0x00000000d5e40118,0x00000000d7b80000)
  from space 5120K, 0% used [0x00000000d8080000,0x00000000d8080000,0x00000000d8580000)
  to   space 5120K, 0% used [0x00000000d7b80000,0x00000000d7b80000,0x00000000d8080000)
 ParOldGen       total 87552K, used 0K [0x0000000081000000, 0x0000000086580000, 0x00000000d5b00000)
  object space 87552K, 0% used [0x0000000081000000,0x0000000081000000,0x0000000086580000)
 Metaspace       used 5088K, capacity 5242K, committed 5376K, reserved 1060864K
  class space    used 590K, capacity 658K, committed 768K, reserved 1048576K
Event: 0.114 GC heap after
Heap after GC invocations=1 (full 0):
 PSYoungGen      total 38400K, used 1005K [0x00000000d5b00000, 0x00000000d8580000, 0x0000000100000000)
  eden space 33280K, 0% used [0x00000000d5b00000,0x00000000d5b00000,0x00000000d7b80000)
  from space 5120K, 19% used [0x00000000d7b80000,0x00000000d7c7b620,0x00000000d8080000)
  to   space 5120K, 0% used [0x00000000d8080000,0x00000000d8080000,0x00000000d8580000)
 ParOldGen       total 87552K, used 8K [0x0000000081000000, 0x0000000086580000, 0x00000000d5b00000)
  object space 87552K, 0% used [0x0000000081000000,0x0000000081002000,0x0000000086580000)
 Metaspace       used 5088K, capacity 5242K, committed 5376K, reserved 1060864K
  class space    used 590K, capacity 658K, committed 768K, reserved 1048576K
}
Event: 0.114 GC heap before
{Heap before GC invocations=2 (full 1):
 PSYoungGen      total 38400K, used 1005K [0x00000000d5b00000, 0x00000000d8580000, 0x0000000100000000)
  eden space 33280K, 0% used [0x00000000d5b00000,0x00000000d5b00000,0x00000000d7b80000)
  from space 5120K, 19% used [0x00000000d7b80000,0x00000000d7c7b620,0x00000000d8080000)
  to   space 5120K, 0% used [0x00000000d8080000,0x00000000d8080000,0x00000000d8580000)
 ParOldGen       total 87552K, used 8K [0x0000000081000000, 0x0000000086580000, 0x00000000d5b00000)
  object space 87552K, 0% used [0x0000000081000000,0x0000000081002000,0x0000000086580000)
 Metaspace       used 5088K, capacity 5242K, committed 5376K, reserved 1060864K
  class space    used 590K, capacity 658K, committed 768K, reserved 1048576K
Event: 0.119 GC heap after
Heap after GC invocations=2 (full 1):
 PSYoungGen      total 38400K, used 0K [0x00000000d5b00000, 0x00000000d8580000, 0x0000000100000000)
  eden space 33280K, 0% used [0x00000000d5b00000,0x00000000d5b00000,0x00000000d7b80000)
  from space 5120K, 0% used [0x00000000d7b80000,0x00000000d7b80000,0x00000000d8080000)
  to   space 5120K, 0% used [0x00000000d8080000,0x00000000d8080000,0x00000000d8580000)
 ParOldGen       total 60416K, used 873K [0x0000000081000000, 0x0000000084b00000, 0x00000000d5b00000)
  object space 60416K, 1% used [0x0000000081000000,0x00000000810da558,0x0000000084b00000)
 Metaspace       used 5088K, capacity 5242K, committed 5376K, reserved 1058816K
  class space    used 590K, capacity 658K, committed 768K, reserved 1048576K
}
Event: 0.324 GC heap before
{Heap before GC invocations=3 (full 1):
 PSYoungGen      total 38400K, used 33280K [0x00000000d5b00000, 0x00000000d8580000, 0x0000000100000000)
  eden space 33280K, 100% used [0x00000000d5b00000,0x00000000d7b80000,0x00000000d7b80000)
  from space 5120K, 0% used [0x00000000d7b80000,0x00000000d7b80000,0x00000000d8080000)
  to   space 5120K, 0% used [0x00000000d8080000,0x00000000d8080000,0x00000000d8580000)
 ParOldGen       total 60416K, used 873K [0x0000000081000000, 0x0000000084b00000, 0x00000000d5b00000)
  object space 60416K, 1% used [0x0000000081000000,0x00000000810da558,0x0000000084b00000)
 Metaspace       used 7421K, capacity 7622K, committed 7936K, reserved 1060864K
  class space    used 864K, capacity 963K, committed 1024K, reserved 1048576K
Event: 0.333 GC heap after
Heap after GC invocations=3 (full 1):
 PSYoungGen      total 38400K, used 4800K [0x00000000d5b00000, 0x00000000d8580000, 0x0000000100000000)
  eden space 33280K, 0% used [0x00000000d5b00000,0x00000000d5b00000,0x00000000d7b80000)
  from space 5120K, 93% used [0x00000000d8080000,0x00000000d85302d8,0x00000000d8580000)
  to   space 5120K, 0% used [0x00000000d7b80000,0x00000000d7b80000,0x00000000d8080000)
 ParOldGen       total 60416K, used 31937K [0x0000000081000000, 0x0000000084b00000, 0x00000000d5b00000)
  object space 60416K, 52% used [0x0000000081000000,0x0000000082f30490,0x0000000084b00000)
 Metaspace       used 7421K, capacity 7622K, committed 7936K, reserved 1060864K
  class space    used 864K, capacity 963K, committed 1024K, reserved 1048576K
}
Event: 0.333 GC heap before
{Heap before GC invocations=4 (full 2):
 PSYoungGen      total 38400K, used 4800K [0x00000000d5b00000, 0x00000000d8580000, 0x0000000100000000)
  eden space 33280K, 0% used [0x00000000d5b00000,0x00000000d5b00000,0x00000000d7b80000)
  from space 5120K, 93% used [0x00000000d8080000,0x00000000d85302d8,0x00000000d8580000)
  to   space 5120K, 0% used [0x00000000d7b80000,0x00000000d7b80000,0x00000000d8080000)
 ParOldGen       total 60416K, used 31937K [0x0000000081000000, 0x0000000084b00000, 0x00000000d5b00000)
  object space 60416K, 52% used [0x0000000081000000,0x0000000082f30490,0x0000000084b00000)
 Metaspace       used 7421K, capacity 7622K, committed 7936K, reserved 1060864K
  class space    used 864K, capacity 963K, committed 1024K, reserved 1048576K
Event: 0.339 GC heap after
Heap after GC invocations=4 (full 2):
 PSYoungGen      total 38400K, used 0K [0x00000000d5b00000, 0x00000000d8580000, 0x0000000100000000)
  eden space 33280K, 0% used [0x00000000d5b00000,0x00000000d5b00000,0x00000000d7b80000)
  from space 5120K, 0% used [0x00000000d8080000,0x00000000d8080000,0x00000000d8580000)
  to   space 5120K, 0% used [0x00000000d7b80000,0x00000000d7b80000,0x00000000d8080000)
 ParOldGen       total 60416K, used 15004K [0x0000000081000000, 0x0000000084b00000, 0x00000000d5b00000)
  object space 60416K, 24% used [0x0000000081000000,0x0000000081ea7088,0x0000000084b00000)
 Metaspace       used 7421K, capacity 7622K, committed 7936K, reserved 1060864K
  class space    used 864K, capacity 963K, committed 1024K, reserved 1048576K
}

